# JRE version: OpenJDK Runtime Environment (11.0.15) (build 11.0.15+0-b2043.56-9505619)
# Java VM: OpenJDK 64-Bit Server VM (11.0.15+0-b2043.56-9505619, mixed mode, tiered, compressed oops, g1 gc, windows-amd64)
Heap:
 garbage-first heap   total 476160K, used 207430K [0x0000000080000000, 0x0000000100000000)
  region size 1024K, 39 young (39936K), 6 survivors (6144K)
 Metaspace       used 124792K, capacity 129773K, committed 129948K, reserved 1161216K
  class space    used 15593K, capacity 17375K, committed 17388K, reserved 1048576K
GC Heap History (20 events):
Event: 2591.992 GC heap before
{Heap before GC invocations=130 (full 0):
 garbage-first heap   total 476160K, used 419259K [0x0000000080000000, 0x0000000100000000)
  region size 1024K, 252 young (258048K), 9 survivors (9216K)
 Metaspace       used 124213K, capacity 129091K, committed 129436K, reserved 1161216K
  class space    used 15541K, capacity 17286K, committed 17388K, reserved 1048576K
}
Event: 2592.000 GC heap after
{Heap after GC invocations=131 (full 0):
 garbage-first heap   total 476160K, used 137444K [0x0000000080000000, 0x0000000100000000)
  region size 1024K, 14 young (14336K), 14 survivors (14336K)
 Metaspace       used 124213K, capacity 129091K, committed 129436K, reserved 1161216K
  class space    used 15541K, capacity 17286K, committed 17388K, reserved 1048576K
}
Event: 2592.038 GC heap before
{Heap before GC invocations=131 (full 0):
 garbage-first heap   total 476160K, used 145636K [0x0000000080000000, 0x0000000100000000)
  region size 1024K, 23 young (23552K), 14 survivors (14336K)
 Metaspace       used 124256K, capacity 129151K, committed 129436K, reserved 1161216K
  class space    used 15549K, capacity 17301K, committed 17388K, reserved 1048576K
}
Event: 2592.049 GC heap after
{Heap after GC invocations=132 (full 0):
 garbage-first heap   total 476160K, used 123487K [0x0000000080000000, 0x0000000100000000)
  region size 1024K, 2 young (2048K), 2 survivors (2048K)
 Metaspace       used 124256K, capacity 129151K, committed 129436K, reserved 1161216K
  class space    used 15549K, capacity 17301K, committed 17388K, reserved 1048576K
}
Event: 2722.738 GC heap before
{Heap before GC invocations=132 (full 0):
 garbage-first heap   total 476160K, used 268895K [0x0000000080000000, 0x0000000100000000)
  region size 1024K, 146 young (149504K), 2 survivors (2048K)
 Metaspace       used 124507K, capacity 129300K, committed 129436K, reserved 1161216K
  class space    used 15562K, capacity 17323K, committed 17388K, reserved 1048576K
}
Event: 2722.758 GC heap after
{Heap after GC invocations=133 (full 0):
 garbage-first heap   total 476160K, used 132089K [0x0000000080000000, 0x0000000100000000)
  region size 1024K, 11 young (11264K), 11 survivors (11264K)
 Metaspace       used 124507K, capacity 129300K, committed 129436K, reserved 1161216K
  class space    used 15562K, capacity 17323K, committed 17388K, reserved 1048576K
}
Event: 2724.052 GC heap before
{Heap before GC invocations=134 (full 0):
 garbage-first heap   total 476160K, used 361465K [0x0000000080000000, 0x0000000100000000)
  region size 1024K, 235 young (240640K), 11 survivors (11264K)
 Metaspace       used 124536K, capacity 129367K, committed 129436K, reserved 1161216K
  class space    used 15562K, capacity 17323K, committed 17388K, reserved 1048576K
}
Event: 2724.067 GC heap after
{Heap after GC invocations=135 (full 0):
 garbage-first heap   total 476160K, used 141107K [0x0000000080000000, 0x0000000100000000)
  region size 1024K, 20 young (20480K), 20 survivors (20480K)
 Metaspace       used 124536K, capacity 129367K, committed 129436K, reserved 1161216K
  class space    used 15562K, capacity 17323K, committed 17388K, reserved 1048576K
}
Event: 2724.069 GC heap before
{Heap before GC invocations=135 (full 0):
 garbage-first heap   total 476160K, used 144179K [0x0000000080000000, 0x0000000100000000)
  region size 1024K, 23 young (23552K), 20 survivors (20480K)
 Metaspace       used 124536K, capacity 129367K, committed 129436K, reserved 1161216K
  class space    used 15562K, capacity 17323K, committed 17388K, reserved 1048576K
}
Event: 2724.085 GC heap after
{Heap after GC invocations=136 (full 0):
 garbage-first heap   total 476160K, used 125265K [0x0000000080000000, 0x0000000100000000)
  region size 1024K, 3 young (3072K), 3 survivors (3072K)
 Metaspace       used 124536K, capacity 129367K, committed 129436K, reserved 1161216K
  class space    used 15562K, capacity 17323K, committed 17388K, reserved 1048576K
}
Event: 2724.189 GC heap before
{Heap before GC invocations=136 (full 0):
 garbage-first heap   total 476160K, used 364881K [0x0000000080000000, 0x0000000100000000)
  region size 1024K, 237 young (242688K), 3 survivors (3072K)
 Metaspace       used 124536K, capacity 129367K, committed 129436K, reserved 1161216K
  class space    used 15562K, capacity 17323K, committed 17388K, reserved 1048576K
}
Event: 2724.197 GC heap after
{Heap after GC invocations=137 (full 0):
 garbage-first heap   total 476160K, used 125897K [0x0000000080000000, 0x0000000100000000)
  region size 1024K, 3 young (3072K), 3 survivors (3072K)
 Metaspace       used 124536K, capacity 129367K, committed 129436K, reserved 1161216K
  class space    used 15562K, capacity 17323K, committed 17388K, reserved 1048576K
}
Event: 2724.349 GC heap before
{Heap before GC invocations=137 (full 0):
 garbage-first heap   total 476160K, used 373705K [0x0000000080000000, 0x0000000100000000)
  region size 1024K, 247 young (252928K), 3 survivors (3072K)
 Metaspace       used 124536K, capacity 129367K, committed 129436K, reserved 1161216K
  class space    used 15562K, capacity 17323K, committed 17388K, reserved 1048576K
}
Event: 2724.354 GC heap after
{Heap after GC invocations=138 (full 0):
 garbage-first heap   total 476160K, used 126580K [0x0000000080000000, 0x0000000100000000)
  region size 1024K, 6 young (6144K), 6 survivors (6144K)
 Metaspace       used 124536K, capacity 129367K, committed 129436K, reserved 1161216K
  class space    used 15562K, capacity 17323K, committed 17388K, reserved 1048576K
}
Event: 2724.590 GC heap before
{Heap before GC invocations=139 (full 0):
 garbage-first heap   total 476160K, used 382580K [0x0000000080000000, 0x0000000100000000)
  region size 1024K, 256 young (262144K), 6 survivors (6144K)
 Metaspace       used 124537K, capacity 129367K, committed 129436K, reserved 1161216K
  class space    used 15562K, capacity 17323K, committed 17388K, reserved 1048576K
}
Event: 2724.605 GC heap after
{Heap after GC invocations=140 (full 0):
 garbage-first heap   total 476160K, used 144275K [0x0000000080000000, 0x0000000100000000)
  region size 1024K, 23 young (23552K), 23 survivors (23552K)
 Metaspace       used 124537K, capacity 129367K, committed 129436K, reserved 1161216K
  class space    used 15562K, capacity 17323K, committed 17388K, reserved 1048576K
}
Event: 2724.617 GC heap before
{Heap before GC invocations=140 (full 0):
 garbage-first heap   total 476160K, used 145299K [0x0000000080000000, 0x0000000100000000)
  region size 1024K, 25 young (25600K), 23 survivors (23552K)
 Metaspace       used 124537K, capacity 129367K, committed 129436K, reserved 1161216K
  class space    used 15562K, capacity 17323K, committed 17388K, reserved 1048576K
}
Event: 2724.632 GC heap after
{Heap after GC invocations=141 (full 0):
 garbage-first heap   total 476160K, used 143321K [0x0000000080000000, 0x0000000100000000)
  region size 1024K, 3 young (3072K), 3 survivors (3072K)
 Metaspace       used 124537K, capacity 129367K, committed 129436K, reserved 1161216K
  class space    used 15562K, capacity 17323K, committed 17388K, reserved 1048576K
}
Event: 2725.057 GC heap before
{Heap before GC invocations=141 (full 0):
 garbage-first heap   total 476160K, used 231385K [0x0000000080000000, 0x0000000100000000)
  region size 1024K, 90 young (92160K), 3 survivors (3072K)
 Metaspace       used 124570K, capacity 129505K, committed 129692K, reserved 1161216K
  class space    used 15562K, capacity 17324K, committed 17388K, reserved 1048576K
}
Event: 2725.068 GC heap after
{Heap after GC invocations=142 (full 0):
 garbage-first heap   total 476160K, used 146051K [0x0000000080000000, 0x0000000100000000)
  region size 1024K, 6 young (6144K), 6 survivors (6144K)
 Metaspace       used 124570K, capacity 129505K, committed 129692K, reserved 1161216K
  class space    used 15562K, capacity 17324K, committed 17388K, reserved 1048576K
}

